  main.cpp
d:\code\computer_graphics\cg_ex2\src\objsimplify.h : warning C4819: 该文件包含不能在当前代码页(936)中表示的字符。请将该文件保存为 Unicode 格式以防止数据丢失
d:\code\computer_graphics\cg_ex2\src\objsimplify.h(139): warning C4018: “<”: 有符号/无符号不匹配
d:\code\computer_graphics\cg_ex2\src\objsimplify.h(154): warning C4018: “<”: 有符号/无符号不匹配
d:\code\computer_graphics\cg_ex2\src\objsimplify.h(159): warning C4018: “<”: 有符号/无符号不匹配
d:\code\computer_graphics\cg_ex2\src\objsimplify.h(235): warning C4244: “初始化”: 从“double”转换到“int”，可能丢失数据
d:\code\computer_graphics\cg_ex2\src\objsimplify.h(250): warning C4018: “<”: 有符号/无符号不匹配
d:\code\computer_graphics\cg_ex2\src\objsimplify.h(275): warning C4018: “<”: 有符号/无符号不匹配
d:\code\computer_graphics\cg_ex2\src\objsimplify.h(292): warning C4018: “<”: 有符号/无符号不匹配
d:\code\computer_graphics\cg_ex2\src\objsimplify.h(341): warning C4018: “<”: 有符号/无符号不匹配
d:\code\computer_graphics\cg_ex2\src\objsimplify.h(355): warning C4018: “<”: 有符号/无符号不匹配
d:\code\computer_graphics\cg_ex2\src\objsimplify.h(356): warning C4018: “<”: 有符号/无符号不匹配
d:\code\computer_graphics\cg_ex2\src\objsimplify.h(367): warning C4018: “<”: 有符号/无符号不匹配
d:\code\computer_graphics\cg_ex2\src\objsimplify.h(384): warning C4018: “<”: 有符号/无符号不匹配
d:\code\computer_graphics\cg_ex2\src\objsimplify.h(423): warning C4018: “<”: 有符号/无符号不匹配
d:\code\computer_graphics\cg_ex2\src\objsimplify.h(434): warning C4018: “<”: 有符号/无符号不匹配
d:\code\computer_graphics\cg_ex2\src\objsimplify.h(446): warning C4018: “<”: 有符号/无符号不匹配
d:\code\computer_graphics\cg_ex2\src\objsimplify.h(449): warning C4018: “<”: 有符号/无符号不匹配
d:\code\computer_graphics\cg_ex2\src\main.cpp(22): warning C4477: “printf”: 格式字符串“%ld”需要类型“long”的参数，但可变参数 1 拥有了类型“time_t”
  d:\code\computer_graphics\cg_ex2\src\main.cpp(22): note: 请考虑在格式字符串中使用“%lld”
  d:\code\computer_graphics\cg_ex2\src\main.cpp(22): note: 请考虑在格式字符串中使用“%I64d”
  Project1.vcxproj -> D:\code\computer_graphics\CG_EX2\Project1\Debug\Project1.exe
