  main.cpp
d:\code\computer_graphics\cg_ex2\src\objsimplify.h : warning C4819: 该文件包含不能在当前代码页(936)中表示的字符。请将该文件保存为 Unicode 格式以防止数据丢失
d:\code\computer_graphics\cg_ex2\src\objsimplify.h(139): warning C4018: “<”: 有符号/无符号不匹配
d:\code\computer_graphics\cg_ex2\src\objsimplify.h(154): warning C4018: “<”: 有符号/无符号不匹配
d:\code\computer_graphics\cg_ex2\src\objsimplify.h(159): warning C4018: “<”: 有符号/无符号不匹配
d:\code\computer_graphics\cg_ex2\src\objsimplify.h(235): warning C4244: “初始化”: 从“double”转换到“int”，可能丢失数据
d:\code\computer_graphics\cg_ex2\src\objsimplify.h(238): warning C4018: “<”: 有符号/无符号不匹配
d:\code\computer_graphics\cg_ex2\src\objsimplify.h(257): warning C4018: “<”: 有符号/无符号不匹配
d:\code\computer_graphics\cg_ex2\src\objsimplify.h(277): warning C4018: “<”: 有符号/无符号不匹配
d:\code\computer_graphics\cg_ex2\src\objsimplify.h(294): warning C4018: “<”: 有符号/无符号不匹配
d:\code\computer_graphics\cg_ex2\src\objsimplify.h(325): warning C4018: “<”: 有符号/无符号不匹配
d:\code\computer_graphics\cg_ex2\src\objsimplify.h(328): warning C4018: “<”: 有符号/无符号不匹配
d:\code\computer_graphics\cg_ex2\src\objsimplify.h(336): warning C4018: “<”: 有符号/无符号不匹配
d:\code\computer_graphics\cg_ex2\src\objsimplify.h(352): warning C4018: “<”: 有符号/无符号不匹配
d:\code\computer_graphics\cg_ex2\src\objsimplify.h(355): warning C4018: “<”: 有符号/无符号不匹配
d:\code\computer_graphics\cg_ex2\src\objsimplify.h(383): warning C4018: “<”: 有符号/无符号不匹配
d:\code\computer_graphics\cg_ex2\src\objsimplify.h(397): warning C4018: “<”: 有符号/无符号不匹配
d:\code\computer_graphics\cg_ex2\src\objsimplify.h(398): warning C4018: “<”: 有符号/无符号不匹配
d:\code\computer_graphics\cg_ex2\src\objsimplify.h(409): warning C4018: “<”: 有符号/无符号不匹配
d:\code\computer_graphics\cg_ex2\src\objsimplify.h(426): warning C4018: “<”: 有符号/无符号不匹配
d:\code\computer_graphics\cg_ex2\src\objsimplify.h(465): warning C4018: “<”: 有符号/无符号不匹配
d:\code\computer_graphics\cg_ex2\src\objsimplify.h(476): warning C4018: “<”: 有符号/无符号不匹配
d:\code\computer_graphics\cg_ex2\src\main.cpp(22): warning C4477: “printf”: 格式字符串“%ld”需要类型“long”的参数，但可变参数 1 拥有了类型“time_t”
  d:\code\computer_graphics\cg_ex2\src\main.cpp(22): note: 请考虑在格式字符串中使用“%lld”
  d:\code\computer_graphics\cg_ex2\src\main.cpp(22): note: 请考虑在格式字符串中使用“%I64d”
  正在生成代码
  1 of 613 functions ( 0.2%) were compiled, the rest were copied from previous compilation.
    0 functions were new in current compilation
    0 functions had inline decision re-evaluated but remain unchanged
  已完成代码的生成
  Project1.vcxproj -> D:\code\computer_graphics\CG_EX2\Project1\Release\Project1.exe
